[debug] [2026-01-02T18:50:59.209Z] > command requires scopes: ["email","openid","https://www.googleapis.com/auth/cloudplatformprojects.readonly","https://www.googleapis.com/auth/firebase","https://www.googleapis.com/auth/cloud-platform"]
[debug] [2026-01-02T18:50:59.210Z] > authorizing via signed-in user (hey.aphra@gmail.com)
[debug] [2026-01-02T18:50:59.210Z] > command requires scopes: ["email","openid","https://www.googleapis.com/auth/cloudplatformprojects.readonly","https://www.googleapis.com/auth/firebase","https://www.googleapis.com/auth/cloud-platform"]
[debug] [2026-01-02T18:50:59.210Z] > authorizing via signed-in user (hey.aphra@gmail.com)
[debug] [2026-01-02T18:50:59.227Z] > command requires scopes: ["email","openid","https://www.googleapis.com/auth/cloudplatformprojects.readonly","https://www.googleapis.com/auth/firebase","https://www.googleapis.com/auth/cloud-platform"]
[debug] [2026-01-02T18:50:59.227Z] > authorizing via signed-in user (hey.aphra@gmail.com)
[debug] [2026-01-02T18:50:59.252Z] Checked if tokens are valid: true, expires at: 1767380860149
[debug] [2026-01-02T18:50:59.252Z] Checked if tokens are valid: true, expires at: 1767380860149
[debug] [2026-01-02T18:50:59.253Z] >>> [apiv2][query] GET https://serviceusage.googleapis.com/v1/projects//services/firebaseappdistribution.googleapis.com [none]
[debug] [2026-01-02T18:50:59.253Z] >>> [apiv2][(partial)header] GET https://serviceusage.googleapis.com/v1/projects//services/firebaseappdistribution.googleapis.com x-goog-quota-user=projects/
[debug] [2026-01-02T18:50:59.266Z] Checked if tokens are valid: true, expires at: 1767380860149
[debug] [2026-01-02T18:50:59.266Z] Checked if tokens are valid: true, expires at: 1767380860149
[debug] [2026-01-02T18:50:59.266Z] >>> [apiv2][query] GET https://serviceusage.googleapis.com/v1/projects//services/firebaseappdistribution.googleapis.com [none]
[debug] [2026-01-02T18:50:59.266Z] >>> [apiv2][(partial)header] GET https://serviceusage.googleapis.com/v1/projects//services/firebaseappdistribution.googleapis.com x-goog-quota-user=projects/
[debug] [2026-01-02T18:50:59.268Z] Checked if tokens are valid: true, expires at: 1767380860149
[debug] [2026-01-02T18:50:59.268Z] Checked if tokens are valid: true, expires at: 1767380860149
[debug] [2026-01-02T18:50:59.268Z] >>> [apiv2][query] GET https://serviceusage.googleapis.com/v1/projects//services/firebaseappdistribution.googleapis.com [none]
[debug] [2026-01-02T18:50:59.268Z] >>> [apiv2][(partial)header] GET https://serviceusage.googleapis.com/v1/projects//services/firebaseappdistribution.googleapis.com x-goog-quota-user=projects/
[debug] [2026-01-02T18:50:59.494Z] <<< [apiv2][status] GET https://serviceusage.googleapis.com/v1/projects//services/firebaseappdistribution.googleapis.com 400
[debug] [2026-01-02T18:50:59.494Z] <<< [apiv2][body] GET https://serviceusage.googleapis.com/v1/projects//services/firebaseappdistribution.googleapis.com [omitted]
[debug] [2026-01-02T18:50:59.708Z] <<< [apiv2][status] GET https://serviceusage.googleapis.com/v1/projects//services/firebaseappdistribution.googleapis.com 400
[debug] [2026-01-02T18:50:59.708Z] <<< [apiv2][body] GET https://serviceusage.googleapis.com/v1/projects//services/firebaseappdistribution.googleapis.com [omitted]
[debug] [2026-01-02T18:50:59.710Z] > command requires scopes: ["email","openid","https://www.googleapis.com/auth/cloudplatformprojects.readonly","https://www.googleapis.com/auth/firebase","https://www.googleapis.com/auth/cloud-platform"]
[debug] [2026-01-02T18:50:59.711Z] > authorizing via signed-in user (hey.aphra@gmail.com)
[debug] [2026-01-02T18:50:59.712Z] > command requires scopes: ["email","openid","https://www.googleapis.com/auth/cloudplatformprojects.readonly","https://www.googleapis.com/auth/firebase","https://www.googleapis.com/auth/cloud-platform"]
[debug] [2026-01-02T18:50:59.712Z] > authorizing via signed-in user (hey.aphra@gmail.com)
[debug] [2026-01-02T18:50:59.721Z] <<< [apiv2][status] GET https://serviceusage.googleapis.com/v1/projects//services/firebaseappdistribution.googleapis.com 400
[debug] [2026-01-02T18:50:59.721Z] <<< [apiv2][body] GET https://serviceusage.googleapis.com/v1/projects//services/firebaseappdistribution.googleapis.com [omitted]
[debug] [2026-01-02T18:50:59.724Z] > command requires scopes: ["email","openid","https://www.googleapis.com/auth/cloudplatformprojects.readonly","https://www.googleapis.com/auth/firebase","https://www.googleapis.com/auth/cloud-platform"]
[debug] [2026-01-02T18:50:59.724Z] > authorizing via signed-in user (hey.aphra@gmail.com)
[debug] [2026-01-02T18:50:59.725Z] > command requires scopes: ["email","openid","https://www.googleapis.com/auth/cloudplatformprojects.readonly","https://www.googleapis.com/auth/firebase","https://www.googleapis.com/auth/cloud-platform"]
[debug] [2026-01-02T18:50:59.725Z] > authorizing via signed-in user (hey.aphra@gmail.com)
